<?xml version="1.0" encoding="UTF-8"?>
<!-- Generated by org.testng.reporters.JUnitReportReporter -->
<testsuite hostname="LAPTOP-CT1C2KNC" failures="0" tests="1" name="com.mphasis.selenium.SeleniumDemo.TestLocatorByLinkText" time="15.011" errors="0" timestamp="2022-03-06T20:37:30 IST" skipped="0">
  <testcase classname="com.mphasis.selenium.SeleniumDemo.TestLocatorByLinkText" name="testByLinkTextStrategy" time="15.011"/>
  <system-out/>
</testsuite> <!-- com.mphasis.selenium.SeleniumDemo.TestLocatorByLinkText -->
